Build started 2017/10/12 20:04:34.
     1>Project "D:\doc\Data Structures\dahua\3\demo_3_4_2\demo_3_4_2\demo_3_4_2.vcxproj" on node 2 (build target(s)).
     1>InitializeBuildStatus:
         Creating "Debug\demo_3_4_2.unsuccessfulbuild" because "AlwaysCreate" was specified.
       ClCompile:
         d:\Program Files\vs2010\VC\bin\CL.exe /c /ZI /nologo /W3 /WX- /Od /Oy- /D _MBCS /Gm /EHsc /RTC1 /MDd /GS /fp:precise /Zc:wchar_t /Zc:forScope /Fo"Debug\\" /Fd"Debug\vc100.pdb" /Gd /TC /analyze- /errorReport:prompt demo_3_4_2.c
         demo_3_4_2.c
     1>d:\doc\data structures\dahua\3\demo_3_4_2\demo_3_4_2\demo_3_4_2.c(82): warning C4700: uninitialized local variable 'l' used
       Link:
         d:\Program Files\vs2010\VC\bin\link.exe /ERRORREPORT:PROMPT /OUT:"D:\doc\Data Structures\dahua\3\demo_3_4_2\Debug\demo_3_4_2.exe" /NOLOGO kernel32.lib user32.lib gdi32.lib winspool.lib comdlg32.lib advapi32.lib shell32.lib ole32.lib oleaut32.lib uuid.lib odbc32.lib odbccp32.lib /MANIFEST /ManifestFile:"Debug\demo_3_4_2.exe.intermediate.manifest" /MANIFESTUAC:"level='asInvoker' uiAccess='false'" /DEBUG /PDB:"D:\doc\Data Structures\dahua\3\demo_3_4_2\Debug\demo_3_4_2.pdb" /TLBID:1 /DYNAMICBASE /NXCOMPAT /IMPLIB:"D:\doc\Data Structures\dahua\3\demo_3_4_2\Debug\demo_3_4_2.lib" /MACHINE:X86 Debug\demo_3_4_2.obj
         LINK : D:\doc\Data Structures\dahua\3\demo_3_4_2\Debug\demo_3_4_2.exe not found or not built by the last incremental link; performing full link
         demo_3_4_2.vcxproj -> D:\doc\Data Structures\dahua\3\demo_3_4_2\Debug\demo_3_4_2.exe
       Manifest:
         C:\Program Files (x86)\Microsoft SDKs\Windows\v7.0A\bin\mt.exe /nologo /verbose /outputresource:"D:\doc\Data Structures\dahua\3\demo_3_4_2\Debug\demo_3_4_2.exe;#1" /manifest Debug\demo_3_4_2.exe.intermediate.manifest
       FinalizeBuildStatus:
         Deleting file "Debug\demo_3_4_2.unsuccessfulbuild".
         Touching "Debug\demo_3_4_2.lastbuildstate".
     1>Done Building Project "D:\doc\Data Structures\dahua\3\demo_3_4_2\demo_3_4_2\demo_3_4_2.vcxproj" (build target(s)).

Build succeeded.

Time Elapsed 00:00:00.54
